Cuda: 0
MODEL: EGCNO
Normalize: False
EGCN-O.
No-Normalized
Traceback (most recent call last):
  File "/user/frosa/anomaly_detection_code/dynamic_graphs/EvolveGCN/run_exp_anomaly.py", line 1, in <module>
    import utils as u
  File "/user/frosa/anomaly_detection_code/dynamic_graphs/EvolveGCN/utils.py", line 3, in <module>
    import torch
  File "/user/frosa/miniconda3/envs/anomaly_detection/lib/python3.9/site-packages/torch/__init__.py", line 1382, in <module>
    from .functional import *  # noqa: F403
  File "/user/frosa/miniconda3/envs/anomaly_detection/lib/python3.9/site-packages/torch/functional.py", line 7, in <module>
    import torch.nn.functional as F
  File "/user/frosa/miniconda3/envs/anomaly_detection/lib/python3.9/site-packages/torch/nn/__init__.py", line 1, in <module>
    from .modules import *  # noqa: F403
  File "/user/frosa/miniconda3/envs/anomaly_detection/lib/python3.9/site-packages/torch/nn/modules/__init__.py", line 2, in <module>
    from .linear import Identity, Linear, Bilinear, LazyLinear
  File "/user/frosa/miniconda3/envs/anomaly_detection/lib/python3.9/site-packages/torch/nn/modules/linear.py", line 7, in <module>
    from .. import functional as F
  File "/user/frosa/miniconda3/envs/anomaly_detection/lib/python3.9/site-packages/torch/nn/functional.py", line 20, in <module>
    from .._jit_internal import boolean_dispatch, _overload, BroadcastingList1, BroadcastingList2, BroadcastingList3
  File "/user/frosa/miniconda3/envs/anomaly_detection/lib/python3.9/site-packages/torch/_jit_internal.py", line 41, in <module>
    import torch.distributed.rpc
  File "/user/frosa/miniconda3/envs/anomaly_detection/lib/python3.9/site-packages/torch/distributed/rpc/__init__.py", line 74, in <module>
    from .server_process_global_profiler import (
  File "/user/frosa/miniconda3/envs/anomaly_detection/lib/python3.9/site-packages/torch/distributed/rpc/server_process_global_profiler.py", line 6, in <module>
    from torch.autograd.profiler_legacy import profile
  File "/user/frosa/miniconda3/envs/anomaly_detection/lib/python3.9/site-packages/torch/autograd/__init__.py", line 29, in <module>
    from .gradcheck import gradcheck, gradgradcheck
  File "<frozen importlib._bootstrap>", line 1007, in _find_and_load
  File "<frozen importlib._bootstrap>", line 986, in _find_and_load_unlocked
  File "<frozen importlib._bootstrap>", line 680, in _load_unlocked
  File "<frozen importlib._bootstrap_external>", line 846, in exec_module
  File "<frozen importlib._bootstrap_external>", line 978, in get_code
  File "<frozen importlib._bootstrap_external>", line 647, in _compile_bytecode
KeyboardInterrupt
